2024-07-06 16:47:05 [INFO]: /api/users
2024-07-06 17:05:15 [INFO]: /auth/register
2024-07-06 17:08:28 [INFO]: /auth/register
2024-07-06 17:11:00 [INFO]: /auth/register
2024-07-06 17:12:57 [INFO]: /auth/register
2024-07-06 17:13:16 [INFO]: /auth/register
2024-07-06 17:14:17 [INFO]: /auth/register
2024-07-06 17:16:32 [INFO]: /auth/register
2024-07-06 17:17:04 [INFO]: /auth/register
2024-07-06 17:25:59 [INFO]: /auth/register
2024-07-06 17:26:47 [INFO]: /auth/register
2024-07-06 17:26:55 [INFO]: /auth/register
2024-07-06 17:27:01 [INFO]: /auth/register
2024-07-06 17:27:01 [ERROR]: bcryptSalt is not defined
2024-07-06 17:28:36 [INFO]: /auth/register
2024-07-06 17:28:58 [INFO]: /auth/register
2024-07-06 17:28:58 [ERROR]: Validation error
2024-07-06 17:30:02 [INFO]: /auth/register
2024-07-06 17:41:31 [INFO]: /auth/login
2024-07-06 17:42:21 [INFO]: /auth/login
2024-07-06 17:42:21 [ERROR]: Invalid password
2024-07-06 17:42:27 [INFO]: /auth/login
2024-07-06 17:48:50 [INFO]: /auth/login
2024-07-06 17:49:33 [INFO]: /auth/login
2024-07-06 17:51:18 [INFO]: /api/user/25b7bce0-f119-43e0-9aef-7bf0ca4d15b9
2024-07-06 17:52:12 [INFO]: /api/user/25b7bce0-f119-43e0-9aef-7bf0ca4d15b9
2024-07-06 17:57:32 [INFO]: /api/organisations
2024-07-06 17:57:42 [INFO]: /api/organisations
2024-07-06 17:57:54 [INFO]: /auth/login
2024-07-06 17:58:02 [INFO]: /api/organisations
2024-07-06 17:58:28 [INFO]: /api/organisations
2024-07-06 17:59:14 [INFO]: /api/organisations
2024-07-06 17:59:31 [INFO]: /api/organisations
2024-07-06 17:59:52 [INFO]: /api/organisations
2024-07-06 18:00:27 [INFO]: /api/organisations
2024-07-06 18:00:27 [ERROR]: operator does not exist: uuid = integer
2024-07-06 18:01:22 [INFO]: /api/organisations
2024-07-06 18:06:34 [INFO]: /api/organisations
2024-07-06 18:07:19 [INFO]: /api/organisations/88af8b04-08c3-4427-b246-5589511bffd3
2024-07-06 18:07:27 [INFO]: /api/organisations/88af8b04-08c3-4427-b246-5589511bffd3
2024-07-06 18:13:50 [INFO]: /api/organisations
2024-07-06 18:13:55 [INFO]: /api/organisations
2024-07-06 18:14:20 [INFO]: /api/organisations
2024-07-06 18:40:35 [INFO]: /auth/register
2024-07-06 18:40:35 [ERROR]: Cannot access 'organisation' before initialization
2024-07-06 18:41:44 [INFO]: /auth/register
2024-07-06 18:41:49 [INFO]: /auth/login
2024-07-06 18:42:36 [INFO]: /api/user/1568058d-b36a-4383-a15f-3db3912bca6b
2024-07-06 18:43:08 [INFO]: /api/organisations
2024-07-06 18:43:08 [ERROR]: operator does not exist: integer = uuid
2024-07-06 18:46:42 [INFO]: /api/organisations
2024-07-06 18:46:42 [ERROR]: invalid input syntax for type integer: "1568058d-b36a-4383-a15f-3db3912bca6b"
2024-07-06 18:47:33 [INFO]: /api/organisations
2024-07-06 18:47:40 [INFO]: /api/organisations
2024-07-06 18:47:40 [ERROR]: operator does not exist: integer = uuid
2024-07-06 18:49:38 [INFO]: /api/organisations
2024-07-06 18:49:38 [ERROR]: Include unexpected. Element has to be either a Model, an Association or an object.
2024-07-06 18:49:57 [INFO]: /api/organisations
2024-07-06 18:50:12 [INFO]: /api/organisations
2024-07-06 18:50:12 [ERROR]: Include unexpected. Element has to be either a Model, an Association or an object.
2024-07-06 18:51:09 [INFO]: /api/organisations
2024-07-06 18:51:09 [ERROR]: Include unexpected. Element has to be either a Model, an Association or an object.
2024-07-06 18:51:32 [INFO]: /api/organisations
2024-07-06 18:51:32 [ERROR]: Include unexpected. Element has to be either a Model, an Association or an object.
2024-07-06 18:53:28 [INFO]: /api/organisations
2024-07-06 18:53:28 [ERROR]: Include unexpected. Element has to be either a Model, an Association or an object.
2024-07-06 18:53:56 [INFO]: /api/organisations
2024-07-06 18:53:56 [ERROR]: column "UserId" does not exist
2024-07-06 18:54:13 [INFO]: /api/organisations
2024-07-06 18:54:13 [ERROR]: column "UserOrganisationId" does not exist
2024-07-06 18:54:40 [INFO]: /api/organisations
2024-07-06 18:54:40 [ERROR]: column "UserOrganisationId" does not exist
2024-07-06 18:55:09 [INFO]: /api/organisations
2024-07-06 18:55:09 [ERROR]: column "UserOrganisationId" does not exist
2024-07-06 18:56:08 [INFO]: /api/organisations
2024-07-06 18:56:28 [INFO]: /api/organisations
2024-07-06 18:56:28 [ERROR]: Include unexpected. Element has to be either a Model, an Association or an object.
2024-07-06 18:57:15 [INFO]: /api/organisations
2024-07-06 18:57:15 [ERROR]: Include unexpected. Element has to be either a Model, an Association or an object.
2024-07-06 18:58:48 [INFO]: /api/organisations
2024-07-06 18:58:48 [ERROR]: Include unexpected. Element has to be either a Model, an Association or an object.
2024-07-06 18:59:34 [INFO]: /api/organisations
2024-07-06 18:59:50 [INFO]: /api/organisations
2024-07-06 18:59:50 [ERROR]: Organisation is associated to UserOrganisations using an alias. You must use the 'as' keyword to specify the alias within your include statement.
2024-07-06 19:00:10 [INFO]: /api/organisations
2024-07-06 19:00:10 [ERROR]: Organisation is associated to UserOrganisations using an alias. You must use the 'as' keyword to specify the alias within your include statement.
2024-07-06 19:00:24 [INFO]: /api/organisations
2024-07-06 19:01:29 [INFO]: /api/organisations
2024-07-06 19:01:50 [INFO]: /api/organisations
2024-07-06 19:01:50 [ERROR]: Organisation is associated to UserOrganisations using an alias. You must use the 'as' keyword to specify the alias within your include statement.
2024-07-06 19:02:00 [INFO]: /api/organisations
2024-07-06 19:02:00 [ERROR]: Organisation is associated to UserOrganisations using an alias. You must use the 'as' keyword to specify the alias within your include statement.
2024-07-06 19:04:07 [INFO]: /api/organisations
2024-07-06 19:04:07 [ERROR]: Organisation is associated to UserOrganisations using an alias. You must use the 'as' keyword to specify the alias within your include statement.
2024-07-06 19:04:16 [INFO]: /api/organisations
2024-07-06 19:04:43 [INFO]: /api/organisations
2024-07-06 19:06:23 [INFO]: /api/organisations
2024-07-06 19:06:23 [ERROR]: Organisation is not associated to User!
2024-07-06 19:07:34 [INFO]: /api/organisations
2024-07-06 19:07:34 [ERROR]: Organisation is not associated to User!
2024-07-06 19:08:28 [INFO]: /api/organisations
2024-07-06 19:08:28 [ERROR]: Organisation is not associated to User!
2024-07-06 19:08:34 [INFO]: /api/organisations
2024-07-06 19:10:27 [INFO]: /api/organisations
2024-07-06 19:10:27 [ERROR]: Organisation is not associated to User!
2024-07-06 19:14:14 [INFO]: /api/organisations
2024-07-06 19:14:32 [INFO]: /api/organisations
2024-07-06 19:14:53 [INFO]: /api/organisations/0ce88c57-d5cd-4b67-b784-ab325dc8693f
2024-07-06 19:16:07 [INFO]: /api/organisations
2024-07-06 19:16:39 [INFO]: /api/organisations
2024-07-06 19:16:47 [INFO]: /api/organisations
2024-07-06 19:19:40 [INFO]: /api/user/1568058d-b36a-4383-a15f-3db3912bca6b
2024-07-06 19:19:52 [INFO]: /api/organisations/:orgId/users
2024-07-06 19:21:39 [INFO]: /api/organisations/:orgId/users
2024-07-06 19:21:56 [INFO]: /api/organisations/:orgId/users
2024-07-06 19:21:56 [ERROR]: notNull Violation: Organisation.name cannot be null
2024-07-06 19:22:24 [INFO]: /api/organisations/:orgId/users
2024-07-06 19:22:24 [ERROR]: notNull Violation: Organisation.name cannot be null
2024-07-06 19:22:57 [INFO]: /api/organisations/:orgId/users
2024-07-06 19:22:57 [ERROR]: notNull Violation: Organisation.name cannot be null
2024-07-06 19:24:39 [INFO]: /api/organisations/:orgId/users
2024-07-06 19:24:39 [ERROR]: invalid input syntax for type uuid: ":orgId"
2024-07-06 19:27:08 [INFO]: /api/organisations/:orgId/users
2024-07-06 19:27:08 [ERROR]: invalid input syntax for type uuid: ":orgId"
2024-07-06 19:27:56 [INFO]: /api/organisations/0ce88c57-d5cd-4b67-b784-ab325dc8693f
2024-07-06 19:28:05 [INFO]: /api/organisations/0ce88c57-d5cd-4b67-b784-ab325dc8693f/users
2024-07-06 19:29:12 [INFO]: /api/organisations/0ce88c57-d5cd-4b67-b784-ab325dc8693f/users
2024-07-06 19:29:12 [ERROR]: User is already in the organisation
2024-07-07 19:31:42 [INFO]: /auth/register
2024-07-07 19:31:46 [INFO]: /auth/login
2024-07-07 19:32:04 [INFO]: /api/user/02ec62db-66f6-4c8e-98ea-06f37445419d
2024-07-07 19:32:05 [ERROR]: User does not exist
2024-07-07 19:32:37 [INFO]: /api/user/c55049ac-f5fc-4e96-8114-62cf5ae42985
2024-07-07 19:33:09 [INFO]: /api/user/02ec62db-66f6-4c8e-98ea-06f37445419d
2024-07-07 19:33:09 [ERROR]: User does not exist
2024-07-07 19:33:38 [INFO]: /api/organisations
2024-07-07 19:33:46 [INFO]: /api/organisations/2e69972a-6ced-40a8-af55-7c4abb5061e3
2024-07-07 19:34:57 [INFO]: /api/organisations/2e69972a-6ced-40a8-af55-7c4abb5061e3
2024-07-07 19:35:19 [INFO]: /api/organisations/08714d92-a20b-4530-822e-96142f613e50
2024-07-07 19:35:26 [INFO]: /api/organisations
2024-07-07 19:35:33 [INFO]: /api/organisations/0ce88c57-d5cd-4b67-b784-ab325dc8693f/users
2024-07-07 19:35:40 [INFO]: /api/organisations/0ce88c57-d5cd-4b67-b784-ab325dc8693f/users
2024-07-07 19:36:13 [INFO]: /auth/register
2024-07-07 19:36:25 [INFO]: /api/organisations/08714d92-a20b-4530-822e-96142f613e50/users
2024-07-07 19:36:30 [INFO]: /api/organisations
2024-07-07 19:36:42 [INFO]: /auth/login
2024-07-07 19:36:54 [INFO]: /api/organisations
2024-07-07 19:36:59 [INFO]: /auth/login
2024-07-07 19:37:14 [INFO]: /api/organisations
2024-07-07 19:44:53 [INFO]: /auth/login
2024-07-07 19:44:53 [ERROR]: User does not exist
2024-07-07 19:44:57 [INFO]: /auth/register
2024-07-07 19:45:05 [INFO]: /auth/login
2024-07-07 19:58:26 [INFO]: /auth/login
2024-07-07 23:23:51 [INFO]: /auth/login
2024-07-07 23:24:29 [INFO]: /auth/login
1970-01-01 02:00:01 [INFO]: /api/user/321c7137-eb8a-40a6-8658-aae68aadab9d
2024-07-07 23:30:38 [INFO]: /auth/login
2024-07-07 23:31:11 [INFO]: /auth/login
1970-01-01 02:00:01 [INFO]: /api/user/321c7137-eb8a-40a6-8658-aae68aadab9d
