2024-07-06 17:27:01 [ERROR]: bcryptSalt is not defined
2024-07-06 17:28:58 [ERROR]: Validation error
2024-07-06 17:42:21 [ERROR]: Invalid password
2024-07-06 18:00:27 [ERROR]: operator does not exist: uuid = integer
2024-07-06 18:40:35 [ERROR]: Cannot access 'organisation' before initialization
2024-07-06 18:43:08 [ERROR]: operator does not exist: integer = uuid
2024-07-06 18:46:42 [ERROR]: invalid input syntax for type integer: "1568058d-b36a-4383-a15f-3db3912bca6b"
2024-07-06 18:47:40 [ERROR]: operator does not exist: integer = uuid
2024-07-06 18:49:38 [ERROR]: Include unexpected. Element has to be either a Model, an Association or an object.
2024-07-06 18:50:12 [ERROR]: Include unexpected. Element has to be either a Model, an Association or an object.
2024-07-06 18:51:09 [ERROR]: Include unexpected. Element has to be either a Model, an Association or an object.
2024-07-06 18:51:32 [ERROR]: Include unexpected. Element has to be either a Model, an Association or an object.
2024-07-06 18:53:28 [ERROR]: Include unexpected. Element has to be either a Model, an Association or an object.
2024-07-06 18:53:56 [ERROR]: column "UserId" does not exist
2024-07-06 18:54:13 [ERROR]: column "UserOrganisationId" does not exist
2024-07-06 18:54:40 [ERROR]: column "UserOrganisationId" does not exist
2024-07-06 18:55:09 [ERROR]: column "UserOrganisationId" does not exist
2024-07-06 18:56:28 [ERROR]: Include unexpected. Element has to be either a Model, an Association or an object.
2024-07-06 18:57:15 [ERROR]: Include unexpected. Element has to be either a Model, an Association or an object.
2024-07-06 18:58:48 [ERROR]: Include unexpected. Element has to be either a Model, an Association or an object.
2024-07-06 18:59:50 [ERROR]: Organisation is associated to UserOrganisations using an alias. You must use the 'as' keyword to specify the alias within your include statement.
2024-07-06 19:00:10 [ERROR]: Organisation is associated to UserOrganisations using an alias. You must use the 'as' keyword to specify the alias within your include statement.
2024-07-06 19:01:50 [ERROR]: Organisation is associated to UserOrganisations using an alias. You must use the 'as' keyword to specify the alias within your include statement.
2024-07-06 19:02:00 [ERROR]: Organisation is associated to UserOrganisations using an alias. You must use the 'as' keyword to specify the alias within your include statement.
2024-07-06 19:04:07 [ERROR]: Organisation is associated to UserOrganisations using an alias. You must use the 'as' keyword to specify the alias within your include statement.
2024-07-06 19:06:23 [ERROR]: Organisation is not associated to User!
2024-07-06 19:07:34 [ERROR]: Organisation is not associated to User!
2024-07-06 19:08:28 [ERROR]: Organisation is not associated to User!
2024-07-06 19:10:27 [ERROR]: Organisation is not associated to User!
2024-07-06 19:21:56 [ERROR]: notNull Violation: Organisation.name cannot be null
2024-07-06 19:22:24 [ERROR]: notNull Violation: Organisation.name cannot be null
2024-07-06 19:22:57 [ERROR]: notNull Violation: Organisation.name cannot be null
2024-07-06 19:24:39 [ERROR]: invalid input syntax for type uuid: ":orgId"
2024-07-06 19:27:08 [ERROR]: invalid input syntax for type uuid: ":orgId"
2024-07-06 19:29:12 [ERROR]: User is already in the organisation
